1583641650370:add alex 35
1583641685696:send
1583641783092:add alex 35
1583641787440:send
1583642420268:add alex 35
1583642426024:send
1583644805090:add alex 45
1583644900705:send
1583644974805:Иван 66
1583644990042:add Ivan 66
1583644999426:add Serge  33
1583645027772:add Padd petr 51
1583645036786:add Petr 51
1583645040072:send
1583645213753:petr 44
1583645220067:add petr 44
1583645236731:add ivan 33
1583645262330:send
1583645391153:serg 66
1583645395466:add serg 66
1583645414593:add ivan 55
1583645417312:send
1583645829900:add vvvv 1
1583645834299:add bbbb 2
1583645839562:send
1583646133404:add vvvvv 1
1583646137987:add mmmmm 2
1583646140640:send
1583646184163:add kkkk 777
1583646189680:add pppppp 543
1583646195946:add poorree4321
1583646207818:add kkjjhh 8765
1583646210079:send
1583650075770:add sssss 1
1583650079194:send
1583731169832:add alex 34
1583731176418:add jkkkk 678
1583731183465:add jkkllllll 765
1583731188614:send
1583731366989:add Werrrr 34555
1583731375207:add OPPPPP 12121
1583731378364:send
1583733738125:add PPPOOO 56666
1583733746347:add WWEE5666
1583733762396:add WSSS 6655\\
1583733766491:send
1583733937840:add WSSS 12344
1583733941176:send
1583735601055:add GGGGG 4577
1583735603200:send
1583735653976:add HHHJJ 2344
1583735656100:send
1583735803211:add PPPPP 233
1583735805317:send
1583735816757:add UUIIII 6777
1583735818674:send
